[DEBUG] Apply dependencies of \phpbb\db\migration\data\v310\profilefield_location_cleanup.
[DEBUG] Apply dependencies of \phpbb\db\migration\data\v310\profilefield_location.
[DEBUG] Apply dependencies of \phpbb\db\migration\data\v310\profilefield_types.
[DEBUG] Apply dependencies of \phpbb\db\migration\data\v310\alpha2.
[DEBUG] Apply dependencies of \phpbb\db\migration\data\v310\alpha1.
[DEBUG] Apply dependencies of \phpbb\db\migration\data\v310\mysql_fulltext_drop.
[DEBUG] Installing Schema: \phpbb\db\migration\data\v310\mysql_fulltext_drop.
[INFO] Installed Schema: \phpbb\db\migration\data\v310\mysql_fulltext_drop; Time: 0.00 seconds
[DEBUG] Apply dependencies of \phpbb\db\migration\data\v310\profilefield_location_cleanup.
[DEBUG] Apply dependencies of \phpbb\db\migration\data\v310\profilefield_location.
[DEBUG] Apply dependencies of \phpbb\db\migration\data\v310\profilefield_types.
[DEBUG] Apply dependencies of \phpbb\db\migration\data\v310\alpha2.
[DEBUG] Apply dependencies of \phpbb\db\migration\data\v310\alpha1.
[DEBUG] Apply dependencies of \phpbb\db\migration\data\v310\mysql_fulltext_drop.
[DEBUG] Installing Data: \phpbb\db\migration\data\v310\mysql_fulltext_drop.
[INFO] Installed Data: \phpbb\db\migration\data\v310\mysql_fulltext_drop; Time: 0.00 seconds
[DEBUG] Apply dependencies of \phpbb\db\migration\data\v310\profilefield_location_cleanup.
[DEBUG] Apply dependencies of \phpbb\db\migration\data\v310\profilefield_location.
[DEBUG] Apply dependencies of \phpbb\db\migration\data\v310\profilefield_types.
[DEBUG] Apply dependencies of \phpbb\db\migration\data\v310\alpha2.
[DEBUG] Apply dependencies of \phpbb\db\migration\data\v310\alpha1.
[DEBUG] Apply dependencies of \phpbb\db\migration\data\v310\namespaces.
[DEBUG] Installing Schema: \phpbb\db\migration\data\v310\namespaces.
[INFO] Installed Schema: \phpbb\db\migration\data\v310\namespaces; Time: 0.00 seconds
[DEBUG] Apply dependencies of \phpbb\db\migration\data\v310\profilefield_location_cleanup.
[DEBUG] Apply dependencies of \phpbb\db\migration\data\v310\profilefield_location.
[DEBUG] Apply dependencies of \phpbb\db\migration\data\v310\profilefield_types.
[DEBUG] Apply dependencies of \phpbb\db\migration\data\v310\alpha2.
[DEBUG] Apply dependencies of \phpbb\db\migration\data\v310\alpha1.
[DEBUG] Apply dependencies of \phpbb\db\migration\data\v310\namespaces.
[DEBUG] Installing Data: \phpbb\db\migration\data\v310\namespaces.
[INFO] Installed Data: \phpbb\db\migration\data\v310\namespaces; Time: 0.00 seconds
[DEBUG] Apply dependencies of \phpbb\db\migration\data\v310\profilefield_location_cleanup.
[DEBUG] Apply dependencies of \phpbb\db\migration\data\v310\profilefield_location.
[DEBUG] Apply dependencies of \phpbb\db\migration\data\v310\profilefield_types.
[DEBUG] Apply dependencies of \phpbb\db\migration\data\v310\alpha2.
[DEBUG] Apply dependencies of \phpbb\db\migration\data\v310\alpha1.
[DEBUG] Apply dependencies of \phpbb\db\migration\data\v310\notifications_cron.
[DEBUG] Apply dependencies of \phpbb\db\migration\data\v310\notifications.
[DEBUG] Installing Schema: \phpbb\db\migration\data\v310\notifications.
[INFO] Installed Schema: \phpbb\db\migration\data\v310\notifications; Time: 0.09 seconds
[DEBUG] Apply dependencies of \phpbb\db\migration\data\v310\profilefield_location_cleanup.
[DEBUG] Apply dependencies of \phpbb\db\migration\data\v310\profilefield_location.
[DEBUG] Apply dependencies of \phpbb\db\migration\data\v310\profilefield_types.
[DEBUG] Apply dependencies of \phpbb\db\migration\data\v310\alpha2.
[DEBUG] Apply dependencies of \phpbb\db\migration\data\v310\alpha1.
[DEBUG] Apply dependencies of \phpbb\db\migration\data\v310\notifications_cron.
[DEBUG] Apply dependencies of \phpbb\db\migration\data\v310\notifications.
[DEBUG] Installing Data: \phpbb\db\migration\data\v310\notifications.
[INFO] Installed Data: \phpbb\db\migration\data\v310\notifications; Time: 0.02 seconds
[DEBUG] Apply dependencies of \phpbb\db\migration\data\v310\profilefield_location_cleanup.
[DEBUG] Apply dependencies of \phpbb\db\migration\data\v310\profilefield_location.
[DEBUG] Apply dependencies of \phpbb\db\migration\data\v310\profilefield_types.
[DEBUG] Apply dependencies of \phpbb\db\migration\data\v310\alpha2.
[DEBUG] Apply dependencies of \phpbb\db\migration\data\v310\alpha1.
[DEBUG] Apply dependencies of \phpbb\db\migration\data\v310\notifications_cron.
[DEBUG] Installing Schema: \phpbb\db\migration\data\v310\notifications_cron.
[INFO] Installed Schema: \phpbb\db\migration\data\v310\notifications_cron; Time: 0.00 seconds
[DEBUG] Apply dependencies of \phpbb\db\migration\data\v310\profilefield_location_cleanup.
[DEBUG] Apply dependencies of \phpbb\db\migration\data\v310\profilefield_location.
[DEBUG] Apply dependencies of \phpbb\db\migration\data\v310\profilefield_types.
[DEBUG] Apply dependencies of \phpbb\db\migration\data\v310\alpha2.
[DEBUG] Apply dependencies of \phpbb\db\migration\data\v310\alpha1.
[DEBUG] Apply dependencies of \phpbb\db\migration\data\v310\notifications_cron.
[DEBUG] Installing Data: \phpbb\db\migration\data\v310\notifications_cron.
[INFO] Installed Data: \phpbb\db\migration\data\v310\notifications_cron; Time: 0.00 seconds
[DEBUG] Apply dependencies of \phpbb\db\migration\data\v310\profilefield_location_cleanup.
[DEBUG] Apply dependencies of \phpbb\db\migration\data\v310\profilefield_location.
[DEBUG] Apply dependencies of \phpbb\db\migration\data\v310\profilefield_types.
[DEBUG] Apply dependencies of \phpbb\db\migration\data\v310\alpha2.
[DEBUG] Apply dependencies of \phpbb\db\migration\data\v310\alpha1.
[DEBUG] Apply dependencies of \phpbb\db\migration\data\v310\notification_options_reconvert.
[DEBUG] Apply dependencies of \phpbb\db\migration\data\v310\notifications_schema_fix.
[DEBUG] Installing Schema: \phpbb\db\migration\data\v310\notifications_schema_fix.
[INFO] Installed Schema: \phpbb\db\migration\data\v310\notifications_schema_fix; Time: 0.03 seconds
[DEBUG] Apply dependencies of \phpbb\db\migration\data\v310\profilefield_location_cleanup.
[DEBUG] Apply dependencies of \phpbb\db\migration\data\v310\profilefield_location.
[DEBUG] Apply dependencies of \phpbb\db\migration\data\v310\profilefield_types.
[DEBUG] Apply dependencies of \phpbb\db\migration\data\v310\alpha2.
[DEBUG] Apply dependencies of \phpbb\db\migration\data\v310\alpha1.
[DEBUG] Apply dependencies of \phpbb\db\migration\data\v310\notification_options_reconvert.
[DEBUG] Apply dependencies of \phpbb\db\migration\data\v310\notifications_schema_fix.
[DEBUG] Installing Data: \phpbb\db\migration\data\v310\notifications_schema_fix.
[INFO] Installed Data: \phpbb\db\migration\data\v310\notifications_schema_fix; Time: 0.00 seconds
[DEBUG] Apply dependencies of \phpbb\db\migration\data\v310\profilefield_location_cleanup.
[DEBUG] Apply dependencies of \phpbb\db\migration\data\v310\profilefield_location.
[DEBUG] Apply dependencies of \phpbb\db\migration\data\v310\profilefield_types.
[DEBUG] Apply dependencies of \phpbb\db\migration\data\v310\alpha2.
[DEBUG] Apply dependencies of \phpbb\db\migration\data\v310\alpha1.
[DEBUG] Apply dependencies of \phpbb\db\migration\data\v310\notification_options_reconvert.
[DEBUG] Installing Schema: \phpbb\db\migration\data\v310\notification_options_reconvert.
[INFO] Installed Schema: \phpbb\db\migration\data\v310\notification_options_reconvert; Time: 0.00 seconds
[DEBUG] Apply dependencies of \phpbb\db\migration\data\v310\profilefield_location_cleanup.
[DEBUG] Apply dependencies of \phpbb\db\migration\data\v310\profilefield_location.
[DEBUG] Apply dependencies of \phpbb\db\migration\data\v310\profilefield_types.
[DEBUG] Apply dependencies of \phpbb\db\migration\data\v310\alpha2.
[DEBUG] Apply dependencies of \phpbb\db\migration\data\v310\alpha1.
[DEBUG] Apply dependencies of \phpbb\db\migration\data\v310\notification_options_reconvert.
[DEBUG] Installing Data: \phpbb\db\migration\data\v310\notification_options_reconvert.
[INFO] Installed Data: \phpbb\db\migration\data\v310\notification_options_reconvert; Time: 0.09 seconds
[DEBUG] Apply dependencies of \phpbb\db\migration\data\v310\profilefield_location_cleanup.
[DEBUG] Apply dependencies of \phpbb\db\migration\data\v310\profilefield_location.
[DEBUG] Apply dependencies of \phpbb\db\migration\data\v310\profilefield_types.
[DEBUG] Apply dependencies of \phpbb\db\migration\data\v310\alpha2.
[DEBUG] Apply dependencies of \phpbb\db\migration\data\v310\alpha1.
[DEBUG] Apply dependencies of \phpbb\db\migration\data\v310\notification_options_reconvert.
[DEBUG] Installing Data: \phpbb\db\migration\data\v310\notification_options_reconvert.
[INFO] Installed Data: \phpbb\db\migration\data\v310\notification_options_reconvert; Time: 0.03 seconds
[DEBUG] Apply dependencies of \phpbb\db\migration\data\v310\profilefield_location_cleanup.
[DEBUG] Apply dependencies of \phpbb\db\migration\data\v310\profilefield_location.
[DEBUG] Apply dependencies of \phpbb\db\migration\data\v310\profilefield_types.
[DEBUG] Apply dependencies of \phpbb\db\migration\data\v310\alpha2.
[DEBUG] Apply dependencies of \phpbb\db\migration\data\v310\alpha1.
[DEBUG] Apply dependencies of \phpbb\db\migration\data\v310\notification_options_reconvert.
[DEBUG] Installing Data: \phpbb\db\migration\data\v310\notification_options_reconvert.
[INFO] Installed Data: \phpbb\db\migration\data\v310\notification_options_reconvert; Time: 0.03 seconds
[DEBUG] Apply dependencies of \phpbb\db\migration\data\v310\profilefield_location_cleanup.
[DEBUG] Apply dependencies of \phpbb\db\migration\data\v310\profilefield_location.
[DEBUG] Apply dependencies of \phpbb\db\migration\data\v310\profilefield_types.
[DEBUG] Apply dependencies of \phpbb\db\migration\data\v310\alpha2.
[DEBUG] Apply dependencies of \phpbb\db\migration\data\v310\alpha1.
[DEBUG] Apply dependencies of \phpbb\db\migration\data\v310\notification_options_reconvert.
[DEBUG] Installing Data: \phpbb\db\migration\data\v310\notification_options_reconvert.
[INFO] Installed Data: \phpbb\db\migration\data\v310\notification_options_reconvert; Time: 0.02 seconds
[DEBUG] Apply dependencies of \phpbb\db\migration\data\v310\profilefield_location_cleanup.
[DEBUG] Apply dependencies of \phpbb\db\migration\data\v310\profilefield_location.
[DEBUG] Apply dependencies of \phpbb\db\migration\data\v310\profilefield_types.
[DEBUG] Apply dependencies of \phpbb\db\migration\data\v310\alpha2.
[DEBUG] Apply dependencies of \phpbb\db\migration\data\v310\alpha1.
[DEBUG] Apply dependencies of \phpbb\db\migration\data\v310\plupload.
[DEBUG] Installing Schema: \phpbb\db\migration\data\v310\plupload.
[INFO] Installed Schema: \phpbb\db\migration\data\v310\plupload; Time: 0.00 seconds
[DEBUG] Apply dependencies of \phpbb\db\migration\data\v310\profilefield_location_cleanup.
[DEBUG] Apply dependencies of \phpbb\db\migration\data\v310\profilefield_location.
[DEBUG] Apply dependencies of \phpbb\db\migration\data\v310\profilefield_types.
[DEBUG] Apply dependencies of \phpbb\db\migration\data\v310\alpha2.
[DEBUG] Apply dependencies of \phpbb\db\migration\data\v310\alpha1.
[DEBUG] Apply dependencies of \phpbb\db\migration\data\v310\plupload.
[DEBUG] Installing Data: \phpbb\db\migration\data\v310\plupload.
[INFO] Installed Data: \phpbb\db\migration\data\v310\plupload; Time: 0.00 seconds
[DEBUG] Apply dependencies of \phpbb\db\migration\data\v310\profilefield_location_cleanup.
[DEBUG] Apply dependencies of \phpbb\db\migration\data\v310\profilefield_location.
[DEBUG] Apply dependencies of \phpbb\db\migration\data\v310\profilefield_types.
[DEBUG] Apply dependencies of \phpbb\db\migration\data\v310\alpha2.
[DEBUG] Apply dependencies of \phpbb\db\migration\data\v310\alpha1.
[DEBUG] Apply dependencies of \phpbb\db\migration\data\v310\signature_module_auth.
[DEBUG] Migration already effectively installed (skipped): \phpbb\db\migration\data\v310\signature_module_auth
[DEBUG] Apply dependencies of \phpbb\db\migration\data\v310\profilefield_location_cleanup.
[DEBUG] Apply dependencies of \phpbb\db\migration\data\v310\profilefield_location.
[DEBUG] Apply dependencies of \phpbb\db\migration\data\v310\profilefield_types.
[DEBUG] Apply dependencies of \phpbb\db\migration\data\v310\alpha2.
[DEBUG] Apply dependencies of \phpbb\db\migration\data\v310\alpha1.
[DEBUG] Apply dependencies of \phpbb\db\migration\data\v310\softdelete_mcp_modules.
[DEBUG] Apply dependencies of \phpbb\db\migration\data\v310\softdelete_p2.
[DEBUG] Apply dependencies of \phpbb\db\migration\data\v310\softdelete_p1.
[DEBUG] Installing Schema: \phpbb\db\migration\data\v310\softdelete_p1.
[INFO] Installed Schema: \phpbb\db\migration\data\v310\softdelete_p1; Time: 8.74 seconds
[DEBUG] Apply dependencies of \phpbb\db\migration\data\v310\profilefield_location_cleanup.
[DEBUG] Apply dependencies of \phpbb\db\migration\data\v310\profilefield_location.
[DEBUG] Apply dependencies of \phpbb\db\migration\data\v310\profilefield_types.
[DEBUG] Apply dependencies of \phpbb\db\migration\data\v310\alpha2.
[DEBUG] Apply dependencies of \phpbb\db\migration\data\v310\alpha1.
[DEBUG] Apply dependencies of \phpbb\db\migration\data\v310\softdelete_mcp_modules.
[DEBUG] Apply dependencies of \phpbb\db\migration\data\v310\softdelete_p2.
[DEBUG] Apply dependencies of \phpbb\db\migration\data\v310\softdelete_p1.
[DEBUG] Installing Data: \phpbb\db\migration\data\v310\softdelete_p1.
[INFO] Installed Data: \phpbb\db\migration\data\v310\softdelete_p1; Time: 0.44 seconds
[DEBUG] Apply dependencies of \phpbb\db\migration\data\v310\profilefield_location_cleanup.
[DEBUG] Apply dependencies of \phpbb\db\migration\data\v310\profilefield_location.
[DEBUG] Apply dependencies of \phpbb\db\migration\data\v310\profilefield_types.
[DEBUG] Apply dependencies of \phpbb\db\migration\data\v310\alpha2.
[DEBUG] Apply dependencies of \phpbb\db\migration\data\v310\alpha1.
[DEBUG] Apply dependencies of \phpbb\db\migration\data\v310\softdelete_mcp_modules.
[DEBUG] Apply dependencies of \phpbb\db\migration\data\v310\softdelete_p2.
[DEBUG] Apply dependencies of \phpbb\db\migration\data\v310\softdelete_p1.
[DEBUG] Installing Data: \phpbb\db\migration\data\v310\softdelete_p1.
[INFO] Installed Data: \phpbb\db\migration\data\v310\softdelete_p1; Time: 0.02 seconds
[DEBUG] Apply dependencies of \phpbb\db\migration\data\v310\profilefield_location_cleanup.
[DEBUG] Apply dependencies of \phpbb\db\migration\data\v310\profilefield_location.
[DEBUG] Apply dependencies of \phpbb\db\migration\data\v310\profilefield_types.
[DEBUG] Apply dependencies of \phpbb\db\migration\data\v310\alpha2.
[DEBUG] Apply dependencies of \phpbb\db\migration\data\v310\alpha1.
[DEBUG] Apply dependencies of \phpbb\db\migration\data\v310\softdelete_mcp_modules.
[DEBUG] Apply dependencies of \phpbb\db\migration\data\v310\softdelete_p2.
[DEBUG] Apply dependencies of \phpbb\db\migration\data\v310\softdelete_p1.
[DEBUG] Installing Data: \phpbb\db\migration\data\v310\softdelete_p1.
[INFO] Installed Data: \phpbb\db\migration\data\v310\softdelete_p1; Time: 0.01 seconds
[DEBUG] Apply dependencies of \phpbb\db\migration\data\v310\profilefield_location_cleanup.
[DEBUG] Apply dependencies of \phpbb\db\migration\data\v310\profilefield_location.
[DEBUG] Apply dependencies of \phpbb\db\migration\data\v310\profilefield_types.
[DEBUG] Apply dependencies of \phpbb\db\migration\data\v310\alpha2.
[DEBUG] Apply dependencies of \phpbb\db\migration\data\v310\alpha1.
[DEBUG] Apply dependencies of \phpbb\db\migration\data\v310\softdelete_mcp_modules.
[DEBUG] Apply dependencies of \phpbb\db\migration\data\v310\softdelete_p2.
[DEBUG] Apply dependencies of \phpbb\db\migration\data\v310\softdelete_p1.
[DEBUG] Installing Data: \phpbb\db\migration\data\v310\softdelete_p1.
[INFO] Installed Data: \phpbb\db\migration\data\v310\softdelete_p1; Time: 0.02 seconds
[DEBUG] Apply dependencies of \phpbb\db\migration\data\v310\profilefield_location_cleanup.
[DEBUG] Apply dependencies of \phpbb\db\migration\data\v310\profilefield_location.
[DEBUG] Apply dependencies of \phpbb\db\migration\data\v310\profilefield_types.
[DEBUG] Apply dependencies of \phpbb\db\migration\data\v310\alpha2.
[DEBUG] Apply dependencies of \phpbb\db\migration\data\v310\alpha1.
[DEBUG] Apply dependencies of \phpbb\db\migration\data\v310\softdelete_mcp_modules.
[DEBUG] Apply dependencies of \phpbb\db\migration\data\v310\softdelete_p2.
[DEBUG] Installing Schema: \phpbb\db\migration\data\v310\softdelete_p2.
[INFO] Installed Schema: \phpbb\db\migration\data\v310\softdelete_p2; Time: 1.19 seconds
[DEBUG] Apply dependencies of \phpbb\db\migration\data\v310\profilefield_location_cleanup.
[DEBUG] Apply dependencies of \phpbb\db\migration\data\v310\profilefield_location.
[DEBUG] Apply dependencies of \phpbb\db\migration\data\v310\profilefield_types.
[DEBUG] Apply dependencies of \phpbb\db\migration\data\v310\alpha2.
[DEBUG] Apply dependencies of \phpbb\db\migration\data\v310\alpha1.
[DEBUG] Apply dependencies of \phpbb\db\migration\data\v310\softdelete_mcp_modules.
[DEBUG] Apply dependencies of \phpbb\db\migration\data\v310\softdelete_p2.
[DEBUG] Installing Data: \phpbb\db\migration\data\v310\softdelete_p2.
[INFO] Installed Data: \phpbb\db\migration\data\v310\softdelete_p2; Time: 0.00 seconds
[DEBUG] Apply dependencies of \phpbb\db\migration\data\v310\profilefield_location_cleanup.
[DEBUG] Apply dependencies of \phpbb\db\migration\data\v310\profilefield_location.
[DEBUG] Apply dependencies of \phpbb\db\migration\data\v310\profilefield_types.
[DEBUG] Apply dependencies of \phpbb\db\migration\data\v310\alpha2.
[DEBUG] Apply dependencies of \phpbb\db\migration\data\v310\alpha1.
[DEBUG] Apply dependencies of \phpbb\db\migration\data\v310\softdelete_mcp_modules.
[DEBUG] Installing Schema: \phpbb\db\migration\data\v310\softdelete_mcp_modules.
[INFO] Installed Schema: \phpbb\db\migration\data\v310\softdelete_mcp_modules; Time: 0.00 seconds
[DEBUG] Apply dependencies of \phpbb\db\migration\data\v310\profilefield_location_cleanup.
[DEBUG] Apply dependencies of \phpbb\db\migration\data\v310\profilefield_location.
[DEBUG] Apply dependencies of \phpbb\db\migration\data\v310\profilefield_types.
[DEBUG] Apply dependencies of \phpbb\db\migration\data\v310\alpha2.
[DEBUG] Apply dependencies of \phpbb\db\migration\data\v310\alpha1.
[DEBUG] Apply dependencies of \phpbb\db\migration\data\v310\softdelete_mcp_modules.
[DEBUG] Installing Data: \phpbb\db\migration\data\v310\softdelete_mcp_modules.
[INFO] Installed Data: \phpbb\db\migration\data\v310\softdelete_mcp_modules; Time: 0.10 seconds
[DEBUG] Apply dependencies of \phpbb\db\migration\data\v310\profilefield_location_cleanup.
[DEBUG] Apply dependencies of \phpbb\db\migration\data\v310\profilefield_location.
[DEBUG] Apply dependencies of \phpbb\db\migration\data\v310\profilefield_types.
[DEBUG] Apply dependencies of \phpbb\db\migration\data\v310\alpha2.
[DEBUG] Apply dependencies of \phpbb\db\migration\data\v310\alpha1.
[DEBUG] Apply dependencies of \phpbb\db\migration\data\v310\teampage.
[DEBUG] Installing Schema: \phpbb\db\migration\data\v310\teampage.
[INFO] Installed Schema: \phpbb\db\migration\data\v310\teampage; Time: 0.01 seconds
[DEBUG] Apply dependencies of \phpbb\db\migration\data\v310\profilefield_location_cleanup.
[DEBUG] Apply dependencies of \phpbb\db\migration\data\v310\profilefield_location.
[DEBUG] Apply dependencies of \phpbb\db\migration\data\v310\profilefield_types.
[DEBUG] Apply dependencies of \phpbb\db\migration\data\v310\alpha2.
[DEBUG] Apply dependencies of \phpbb\db\migration\data\v310\alpha1.
[DEBUG] Apply dependencies of \phpbb\db\migration\data\v310\teampage.
[DEBUG] Installing Data: \phpbb\db\migration\data\v310\teampage.
[INFO] Installed Data: \phpbb\db\migration\data\v310\teampage; Time: 0.00 seconds
[DEBUG] Apply dependencies of \phpbb\db\migration\data\v310\profilefield_location_cleanup.
[DEBUG] Apply dependencies of \phpbb\db\migration\data\v310\profilefield_location.
[DEBUG] Apply dependencies of \phpbb\db\migration\data\v310\profilefield_types.
[DEBUG] Apply dependencies of \phpbb\db\migration\data\v310\alpha2.
[DEBUG] Apply dependencies of \phpbb\db\migration\data\v310\alpha1.
[DEBUG] Installing Schema: \phpbb\db\migration\data\v310\alpha1.
[INFO] Installed Schema: \phpbb\db\migration\data\v310\alpha1; Time: 0.00 seconds
[DEBUG] Apply dependencies of \phpbb\db\migration\data\v310\profilefield_location_cleanup.
[DEBUG] Apply dependencies of \phpbb\db\migration\data\v310\profilefield_location.
[DEBUG] Apply dependencies of \phpbb\db\migration\data\v310\profilefield_types.
[DEBUG] Apply dependencies of \phpbb\db\migration\data\v310\alpha2.
[DEBUG] Apply dependencies of \phpbb\db\migration\data\v310\alpha1.
[DEBUG] Installing Data: \phpbb\db\migration\data\v310\alpha1.
[INFO] Installed Data: \phpbb\db\migration\data\v310\alpha1; Time: 0.00 seconds
[DEBUG] Apply dependencies of \phpbb\db\migration\data\v310\profilefield_location_cleanup.
[DEBUG] Apply dependencies of \phpbb\db\migration\data\v310\profilefield_location.
[DEBUG] Apply dependencies of \phpbb\db\migration\data\v310\profilefield_types.
[DEBUG] Apply dependencies of \phpbb\db\migration\data\v310\alpha2.
[DEBUG] Apply dependencies of \phpbb\db\migration\data\v310\notifications_cron_p2.
[DEBUG] Installing Schema: \phpbb\db\migration\data\v310\notifications_cron_p2.
[INFO] Installed Schema: \phpbb\db\migration\data\v310\notifications_cron_p2; Time: 0.00 seconds
[DEBUG] Apply dependencies of \phpbb\db\migration\data\v310\profilefield_location_cleanup.
[DEBUG] Apply dependencies of \phpbb\db\migration\data\v310\profilefield_location.
[DEBUG] Apply dependencies of \phpbb\db\migration\data\v310\profilefield_types.
[DEBUG] Apply dependencies of \phpbb\db\migration\data\v310\alpha2.
[DEBUG] Apply dependencies of \phpbb\db\migration\data\v310\notifications_cron_p2.
[DEBUG] Installing Data: \phpbb\db\migration\data\v310\notifications_cron_p2.
[INFO] Installed Data: \phpbb\db\migration\data\v310\notifications_cron_p2; Time: 0.00 seconds
[DEBUG] Apply dependencies of \phpbb\db\migration\data\v310\profilefield_location_cleanup.
[DEBUG] Apply dependencies of \phpbb\db\migration\data\v310\profilefield_location.
[DEBUG] Apply dependencies of \phpbb\db\migration\data\v310\profilefield_types.
[DEBUG] Apply dependencies of \phpbb\db\migration\data\v310\alpha2.
[DEBUG] Installing Schema: \phpbb\db\migration\data\v310\alpha2.
[INFO] Installed Schema: \phpbb\db\migration\data\v310\alpha2; Time: 0.00 seconds
[DEBUG] Apply dependencies of \phpbb\db\migration\data\v310\profilefield_location_cleanup.
[DEBUG] Apply dependencies of \phpbb\db\migration\data\v310\profilefield_location.
[DEBUG] Apply dependencies of \phpbb\db\migration\data\v310\profilefield_types.
[DEBUG] Apply dependencies of \phpbb\db\migration\data\v310\alpha2.
[DEBUG] Installing Data: \phpbb\db\migration\data\v310\alpha2.
[INFO] Installed Data: \phpbb\db\migration\data\v310\alpha2; Time: 0.00 seconds
[DEBUG] Apply dependencies of \phpbb\db\migration\data\v310\profilefield_location_cleanup.
[DEBUG] Apply dependencies of \phpbb\db\migration\data\v310\profilefield_location.
[DEBUG] Apply dependencies of \phpbb\db\migration\data\v310\profilefield_types.
[DEBUG] Installing Schema: \phpbb\db\migration\data\v310\profilefield_types.
[INFO] Installed Schema: \phpbb\db\migration\data\v310\profilefield_types; Time: 0.01 seconds
[DEBUG] Apply dependencies of \phpbb\db\migration\data\v310\profilefield_location_cleanup.
[DEBUG] Apply dependencies of \phpbb\db\migration\data\v310\profilefield_location.
[DEBUG] Apply dependencies of \phpbb\db\migration\data\v310\profilefield_types.
[DEBUG] Installing Data: \phpbb\db\migration\data\v310\profilefield_types.
[INFO] Installed Data: \phpbb\db\migration\data\v310\profilefield_types; Time: 0.00 seconds
[DEBUG] Apply dependencies of \phpbb\db\migration\data\v310\profilefield_location_cleanup.
[DEBUG] Apply dependencies of \phpbb\db\migration\data\v310\profilefield_location.
[DEBUG] Apply dependencies of \phpbb\db\migration\data\v310\profilefield_on_memberlist.
[DEBUG] Apply dependencies of \phpbb\db\migration\data\v310\profilefield_cleanup.
[DEBUG] Apply dependencies of \phpbb\db\migration\data\v310\profilefield_interests.
[DEBUG] Apply dependencies of \phpbb\db\migration\data\v310\profilefield_show_novalue.
[DEBUG] Migration already effectively installed (skipped): \phpbb\db\migration\data\v310\profilefield_show_novalue
[DEBUG] Apply dependencies of \phpbb\db\migration\data\v310\profilefield_location_cleanup.
[DEBUG] Apply dependencies of \phpbb\db\migration\data\v310\profilefield_location.
[DEBUG] Apply dependencies of \phpbb\db\migration\data\v310\profilefield_on_memberlist.
[DEBUG] Apply dependencies of \phpbb\db\migration\data\v310\profilefield_cleanup.
[DEBUG] Apply dependencies of \phpbb\db\migration\data\v310\profilefield_interests.
[DEBUG] Installing Schema: \phpbb\db\migration\data\v310\profilefield_interests.
[INFO] Installed Schema: \phpbb\db\migration\data\v310\profilefield_interests; Time: 0.03 seconds
[DEBUG] Apply dependencies of \phpbb\db\migration\data\v310\profilefield_location_cleanup.
[DEBUG] Apply dependencies of \phpbb\db\migration\data\v310\profilefield_location.
[DEBUG] Apply dependencies of \phpbb\db\migration\data\v310\profilefield_on_memberlist.
[DEBUG] Apply dependencies of \phpbb\db\migration\data\v310\profilefield_cleanup.
[DEBUG] Apply dependencies of \phpbb\db\migration\data\v310\profilefield_interests.
[DEBUG] Installing Data: \phpbb\db\migration\data\v310\profilefield_interests.
[INFO] Installed Data: \phpbb\db\migration\data\v310\profilefield_interests; Time: 0.02 seconds
[DEBUG] Apply dependencies of \phpbb\db\migration\data\v310\profilefield_location_cleanup.
[DEBUG] Apply dependencies of \phpbb\db\migration\data\v310\profilefield_location.
[DEBUG] Apply dependencies of \phpbb\db\migration\data\v310\profilefield_on_memberlist.
[DEBUG] Apply dependencies of \phpbb\db\migration\data\v310\profilefield_cleanup.
[DEBUG] Apply dependencies of \phpbb\db\migration\data\v310\profilefield_occupation.
[DEBUG] Installing Schema: \phpbb\db\migration\data\v310\profilefield_occupation.
[INFO] Installed Schema: \phpbb\db\migration\data\v310\profilefield_occupation; Time: 0.00 seconds
[DEBUG] Apply dependencies of \phpbb\db\migration\data\v310\profilefield_location_cleanup.
[DEBUG] Apply dependencies of \phpbb\db\migration\data\v310\profilefield_location.
[DEBUG] Apply dependencies of \phpbb\db\migration\data\v310\profilefield_on_memberlist.
[DEBUG] Apply dependencies of \phpbb\db\migration\data\v310\profilefield_cleanup.
[DEBUG] Apply dependencies of \phpbb\db\migration\data\v310\profilefield_occupation.
[DEBUG] Installing Data: \phpbb\db\migration\data\v310\profilefield_occupation.
[INFO] Installed Data: \phpbb\db\migration\data\v310\profilefield_occupation; Time: 0.01 seconds
[DEBUG] Apply dependencies of \phpbb\db\migration\data\v310\profilefield_location_cleanup.
[DEBUG] Apply dependencies of \phpbb\db\migration\data\v310\profilefield_location.
[DEBUG] Apply dependencies of \phpbb\db\migration\data\v310\profilefield_on_memberlist.
[DEBUG] Apply dependencies of \phpbb\db\migration\data\v310\profilefield_cleanup.
[DEBUG] Installing Schema: \phpbb\db\migration\data\v310\profilefield_cleanup.
[INFO] Installed Schema: \phpbb\db\migration\data\v310\profilefield_cleanup; Time: 0.03 seconds
[DEBUG] Apply dependencies of \phpbb\db\migration\data\v310\profilefield_location_cleanup.
[DEBUG] Apply dependencies of \phpbb\db\migration\data\v310\profilefield_location.
[DEBUG] Apply dependencies of \phpbb\db\migration\data\v310\profilefield_on_memberlist.
[DEBUG] Apply dependencies of \phpbb\db\migration\data\v310\profilefield_cleanup.
[DEBUG] Installing Data: \phpbb\db\migration\data\v310\profilefield_cleanup.
[INFO] Installed Data: \phpbb\db\migration\data\v310\profilefield_cleanup; Time: 0.00 seconds
[DEBUG] Apply dependencies of \phpbb\db\migration\data\v310\profilefield_location_cleanup.
[DEBUG] Apply dependencies of \phpbb\db\migration\data\v310\profilefield_location.
[DEBUG] Apply dependencies of \phpbb\db\migration\data\v310\profilefield_on_memberlist.
[DEBUG] Installing Schema: \phpbb\db\migration\data\v310\profilefield_on_memberlist.
[INFO] Installed Schema: \phpbb\db\migration\data\v310\profilefield_on_memberlist; Time: 0.00 seconds
[DEBUG] Apply dependencies of \phpbb\db\migration\data\v310\profilefield_location_cleanup.
[DEBUG] Apply dependencies of \phpbb\db\migration\data\v310\profilefield_location.
[DEBUG] Apply dependencies of \phpbb\db\migration\data\v310\profilefield_on_memberlist.
[DEBUG] Installing Data: \phpbb\db\migration\data\v310\profilefield_on_memberlist.
[INFO] Installed Data: \phpbb\db\migration\data\v310\profilefield_on_memberlist; Time: 0.00 seconds
[DEBUG] Apply dependencies of \phpbb\db\migration\data\v310\profilefield_location_cleanup.
[DEBUG] Apply dependencies of \phpbb\db\migration\data\v310\profilefield_location.
[DEBUG] Installing Schema: \phpbb\db\migration\data\v310\profilefield_location.
[INFO] Installed Schema: \phpbb\db\migration\data\v310\profilefield_location; Time: 0.00 seconds
[DEBUG] Apply dependencies of \phpbb\db\migration\data\v310\profilefield_location_cleanup.
[DEBUG] Apply dependencies of \phpbb\db\migration\data\v310\profilefield_location.
[DEBUG] Installing Data: \phpbb\db\migration\data\v310\profilefield_location.
[INFO] Installed Data: \phpbb\db\migration\data\v310\profilefield_location; Time: 0.03 seconds
[DEBUG] Apply dependencies of \phpbb\db\migration\data\v310\profilefield_location_cleanup.
[DEBUG] Apply dependencies of \phpbb\db\migration\data\v310\profilefield_location.
[DEBUG] Installing Data: \phpbb\db\migration\data\v310\profilefield_location.
[INFO] Installed Data: \phpbb\db\migration\data\v310\profilefield_location; Time: 0.03 seconds
[DEBUG] Apply dependencies of \phpbb\db\migration\data\v310\profilefield_location_cleanup.
[DEBUG] Apply dependencies of \phpbb\db\migration\data\v310\profilefield_location.
[DEBUG] Installing Data: \phpbb\db\migration\data\v310\profilefield_location.
[INFO] Installed Data: \phpbb\db\migration\data\v310\profilefield_location; Time: 0.03 seconds
[DEBUG] Apply dependencies of \phpbb\db\migration\data\v310\profilefield_location_cleanup.
[DEBUG] Installing Schema: \phpbb\db\migration\data\v310\profilefield_location_cleanup.
[INFO] Installed Schema: \phpbb\db\migration\data\v310\profilefield_location_cleanup; Time: 0.02 seconds
[DEBUG] Apply dependencies of \phpbb\db\migration\data\v310\profilefield_location_cleanup.
[DEBUG] Installing Data: \phpbb\db\migration\data\v310\profilefield_location_cleanup.
[INFO] Installed Data: \phpbb\db\migration\data\v310\profilefield_location_cleanup; Time: 0.00 seconds
[DEBUG] Migration already effectively installed (skipped): \phpbb\db\migration\data\v310\profilefield_location_cleanup
[DEBUG] Migration already effectively installed (skipped): \phpbb\db\migration\data\v310\timezone
[DEBUG] Migration already effectively installed (skipped): \phpbb\db\migration\data\v310\signature_module_auth
[DEBUG] Apply dependencies of \phpbb\db\migration\data\v310\acp_prune_users_module.
[DEBUG] Apply dependencies of \phpbb\db\migration\data\v310\beta1.
[DEBUG] Apply dependencies of \phpbb\db\migration\data\v310\alpha3.
[DEBUG] Apply dependencies of \phpbb\db\migration\data\v310\avatar_types.
[DEBUG] Installing Schema: \phpbb\db\migration\data\v310\avatar_types.
[INFO] Installed Schema: \phpbb\db\migration\data\v310\avatar_types; Time: 0.00 seconds
[DEBUG] Migration already effectively installed (skipped): \phpbb\db\migration\data\v310\profilefield_location_cleanup
[DEBUG] Migration already effectively installed (skipped): \phpbb\db\migration\data\v310\timezone
[DEBUG] Migration already effectively installed (skipped): \phpbb\db\migration\data\v310\signature_module_auth
[DEBUG] Apply dependencies of \phpbb\db\migration\data\v310\acp_prune_users_module.
[DEBUG] Apply dependencies of \phpbb\db\migration\data\v310\beta1.
[DEBUG] Apply dependencies of \phpbb\db\migration\data\v310\alpha3.
[DEBUG] Apply dependencies of \phpbb\db\migration\data\v310\avatar_types.
[DEBUG] Installing Data: \phpbb\db\migration\data\v310\avatar_types.
[INFO] Installed Data: \phpbb\db\migration\data\v310\avatar_types; Time: 0.01 seconds
[DEBUG] Migration already effectively installed (skipped): \phpbb\db\migration\data\v310\profilefield_location_cleanup
[DEBUG] Migration already effectively installed (skipped): \phpbb\db\migration\data\v310\timezone
[DEBUG] Migration already effectively installed (skipped): \phpbb\db\migration\data\v310\signature_module_auth
[DEBUG] Apply dependencies of \phpbb\db\migration\data\v310\acp_prune_users_module.
[DEBUG] Apply dependencies of \phpbb\db\migration\data\v310\beta1.
[DEBUG] Apply dependencies of \phpbb\db\migration\data\v310\alpha3.
[DEBUG] Apply dependencies of \phpbb\db\migration\data\v310\passwords.
[DEBUG] Installing Schema: \phpbb\db\migration\data\v310\passwords.
[INFO] Installed Schema: \phpbb\db\migration\data\v310\passwords; Time: 0.03 seconds
[DEBUG] Migration already effectively installed (skipped): \phpbb\db\migration\data\v310\profilefield_location_cleanup
[DEBUG] Migration already effectively installed (skipped): \phpbb\db\migration\data\v310\timezone
[DEBUG] Migration already effectively installed (skipped): \phpbb\db\migration\data\v310\signature_module_auth
[DEBUG] Apply dependencies of \phpbb\db\migration\data\v310\acp_prune_users_module.
[DEBUG] Apply dependencies of \phpbb\db\migration\data\v310\beta1.
[DEBUG] Apply dependencies of \phpbb\db\migration\data\v310\alpha3.
[DEBUG] Apply dependencies of \phpbb\db\migration\data\v310\passwords.
[DEBUG] Installing Data: \phpbb\db\migration\data\v310\passwords.
[INFO] Installed Data: \phpbb\db\migration\data\v310\passwords; Time: 0.00 seconds
[DEBUG] Migration already effectively installed (skipped): \phpbb\db\migration\data\v310\profilefield_location_cleanup
[DEBUG] Migration already effectively installed (skipped): \phpbb\db\migration\data\v310\timezone
[DEBUG] Migration already effectively installed (skipped): \phpbb\db\migration\data\v310\signature_module_auth
[DEBUG] Apply dependencies of \phpbb\db\migration\data\v310\acp_prune_users_module.
[DEBUG] Apply dependencies of \phpbb\db\migration\data\v310\beta1.
[DEBUG] Apply dependencies of \phpbb\db\migration\data\v310\alpha3.
[DEBUG] Installing Schema: \phpbb\db\migration\data\v310\alpha3.
[INFO] Installed Schema: \phpbb\db\migration\data\v310\alpha3; Time: 0.00 seconds
[DEBUG] Migration already effectively installed (skipped): \phpbb\db\migration\data\v310\profilefield_location_cleanup
[DEBUG] Migration already effectively installed (skipped): \phpbb\db\migration\data\v310\timezone
[DEBUG] Migration already effectively installed (skipped): \phpbb\db\migration\data\v310\signature_module_auth
[DEBUG] Apply dependencies of \phpbb\db\migration\data\v310\acp_prune_users_module.
[DEBUG] Apply dependencies of \phpbb\db\migration\data\v310\beta1.
[DEBUG] Apply dependencies of \phpbb\db\migration\data\v310\alpha3.
[DEBUG] Installing Data: \phpbb\db\migration\data\v310\alpha3.
[INFO] Installed Data: \phpbb\db\migration\data\v310\alpha3; Time: 0.00 seconds
[DEBUG] Migration already effectively installed (skipped): \phpbb\db\migration\data\v310\profilefield_location_cleanup
[DEBUG] Migration already effectively installed (skipped): \phpbb\db\migration\data\v310\timezone
[DEBUG] Migration already effectively installed (skipped): \phpbb\db\migration\data\v310\signature_module_auth
[DEBUG] Apply dependencies of \phpbb\db\migration\data\v310\acp_prune_users_module.
[DEBUG] Apply dependencies of \phpbb\db\migration\data\v310\beta1.
[DEBUG] Apply dependencies of \phpbb\db\migration\data\v310\passwords_p2.
[DEBUG] Installing Schema: \phpbb\db\migration\data\v310\passwords_p2.
[INFO] Installed Schema: \phpbb\db\migration\data\v310\passwords_p2; Time: 0.02 seconds
[DEBUG] Migration already effectively installed (skipped): \phpbb\db\migration\data\v310\profilefield_location_cleanup
[DEBUG] Migration already effectively installed (skipped): \phpbb\db\migration\data\v310\timezone
[DEBUG] Migration already effectively installed (skipped): \phpbb\db\migration\data\v310\signature_module_auth
[DEBUG] Apply dependencies of \phpbb\db\migration\data\v310\acp_prune_users_module.
[DEBUG] Apply dependencies of \phpbb\db\migration\data\v310\beta1.
[DEBUG] Apply dependencies of \phpbb\db\migration\data\v310\passwords_p2.
[DEBUG] Installing Data: \phpbb\db\migration\data\v310\passwords_p2.
[INFO] Installed Data: \phpbb\db\migration\data\v310\passwords_p2; Time: 0.00 seconds
[DEBUG] Migration already effectively installed (skipped): \phpbb\db\migration\data\v310\profilefield_location_cleanup
[DEBUG] Migration already effectively installed (skipped): \phpbb\db\migration\data\v310\timezone
[DEBUG] Migration already effectively installed (skipped): \phpbb\db\migration\data\v310\signature_module_auth
[DEBUG] Apply dependencies of \phpbb\db\migration\data\v310\acp_prune_users_module.
[DEBUG] Apply dependencies of \phpbb\db\migration\data\v310\beta1.
[DEBUG] Apply dependencies of \phpbb\db\migration\data\v310\postgres_fulltext_drop.
[DEBUG] Migration already effectively installed (skipped): \phpbb\db\migration\data\v310\postgres_fulltext_drop
[DEBUG] Migration already effectively installed (skipped): \phpbb\db\migration\data\v310\profilefield_location_cleanup
[DEBUG] Migration already effectively installed (skipped): \phpbb\db\migration\data\v310\timezone
[DEBUG] Migration already effectively installed (skipped): \phpbb\db\migration\data\v310\signature_module_auth
[DEBUG] Apply dependencies of \phpbb\db\migration\data\v310\acp_prune_users_module.
[DEBUG] Apply dependencies of \phpbb\db\migration\data\v310\beta1.
[DEBUG] Apply dependencies of \phpbb\db\migration\data\v310\profilefield_change_load_settings.
[DEBUG] Apply dependencies of \phpbb\db\migration\data\v310\profilefield_aol_cleanup.
[DEBUG] Apply dependencies of \phpbb\db\migration\data\v310\profilefield_aol.
[DEBUG] Apply dependencies of \phpbb\db\migration\data\v310\profilefield_yahoo_cleanup.
[DEBUG] Apply dependencies of \phpbb\db\migration\data\v310\profilefield_yahoo.
[DEBUG] Apply dependencies of \phpbb\db\migration\data\v310\profilefield_wlm_cleanup.
[DEBUG] Apply dependencies of \phpbb\db\migration\data\v310\profilefield_wlm.
[DEBUG] Apply dependencies of \phpbb\db\migration\data\v310\profilefield_website_cleanup.
[DEBUG] Apply dependencies of \phpbb\db\migration\data\v310\profilefield_website.
[DEBUG] Apply dependencies of \phpbb\db\migration\data\v310\profilefield_icq_cleanup.
[DEBUG] Apply dependencies of \phpbb\db\migration\data\v310\profilefield_icq.
[DEBUG] Apply dependencies of \phpbb\db\migration\data\v310\profilefield_contact_field.
[DEBUG] Installing Schema: \phpbb\db\migration\data\v310\profilefield_contact_field.
[INFO] Installed Schema: \phpbb\db\migration\data\v310\profilefield_contact_field; Time: 0.01 seconds
[DEBUG] Migration already effectively installed (skipped): \phpbb\db\migration\data\v310\profilefield_location_cleanup
[DEBUG] Migration already effectively installed (skipped): \phpbb\db\migration\data\v310\timezone
[DEBUG] Migration already effectively installed (skipped): \phpbb\db\migration\data\v310\signature_module_auth
[DEBUG] Apply dependencies of \phpbb\db\migration\data\v310\acp_prune_users_module.
[DEBUG] Apply dependencies of \phpbb\db\migration\data\v310\beta1.
[DEBUG] Apply dependencies of \phpbb\db\migration\data\v310\profilefield_change_load_settings.
[DEBUG] Apply dependencies of \phpbb\db\migration\data\v310\profilefield_aol_cleanup.
[DEBUG] Apply dependencies of \phpbb\db\migration\data\v310\profilefield_aol.
[DEBUG] Apply dependencies of \phpbb\db\migration\data\v310\profilefield_yahoo_cleanup.
[DEBUG] Apply dependencies of \phpbb\db\migration\data\v310\profilefield_yahoo.
[DEBUG] Apply dependencies of \phpbb\db\migration\data\v310\profilefield_wlm_cleanup.
[DEBUG] Apply dependencies of \phpbb\db\migration\data\v310\profilefield_wlm.
[DEBUG] Apply dependencies of \phpbb\db\migration\data\v310\profilefield_website_cleanup.
[DEBUG] Apply dependencies of \phpbb\db\migration\data\v310\profilefield_website.
[DEBUG] Apply dependencies of \phpbb\db\migration\data\v310\profilefield_icq_cleanup.
[DEBUG] Apply dependencies of \phpbb\db\migration\data\v310\profilefield_icq.
[DEBUG] Apply dependencies of \phpbb\db\migration\data\v310\profilefield_contact_field.
[DEBUG] Installing Data: \phpbb\db\migration\data\v310\profilefield_contact_field.
[INFO] Installed Data: \phpbb\db\migration\data\v310\profilefield_contact_field; Time: 0.00 seconds
[DEBUG] Migration already effectively installed (skipped): \phpbb\db\migration\data\v310\profilefield_location_cleanup
[DEBUG] Migration already effectively installed (skipped): \phpbb\db\migration\data\v310\timezone
[DEBUG] Migration already effectively installed (skipped): \phpbb\db\migration\data\v310\signature_module_auth
[DEBUG] Apply dependencies of \phpbb\db\migration\data\v310\acp_prune_users_module.
[DEBUG] Apply dependencies of \phpbb\db\migration\data\v310\beta1.
[DEBUG] Apply dependencies of \phpbb\db\migration\data\v310\profilefield_change_load_settings.
[DEBUG] Apply dependencies of \phpbb\db\migration\data\v310\profilefield_aol_cleanup.
[DEBUG] Apply dependencies of \phpbb\db\migration\data\v310\profilefield_aol.
[DEBUG] Apply dependencies of \phpbb\db\migration\data\v310\profilefield_yahoo_cleanup.
[DEBUG] Apply dependencies of \phpbb\db\migration\data\v310\profilefield_yahoo.
[DEBUG] Apply dependencies of \phpbb\db\migration\data\v310\profilefield_wlm_cleanup.
[DEBUG] Apply dependencies of \phpbb\db\migration\data\v310\profilefield_wlm.
[DEBUG] Apply dependencies of \phpbb\db\migration\data\v310\profilefield_website_cleanup.
[DEBUG] Apply dependencies of \phpbb\db\migration\data\v310\profilefield_website.
[DEBUG] Apply dependencies of \phpbb\db\migration\data\v310\profilefield_icq_cleanup.
[DEBUG] Apply dependencies of \phpbb\db\migration\data\v310\profilefield_icq.
[DEBUG] Installing Schema: \phpbb\db\migration\data\v310\profilefield_icq.
[INFO] Installed Schema: \phpbb\db\migration\data\v310\profilefield_icq; Time: 0.00 seconds
[DEBUG] Migration already effectively installed (skipped): \phpbb\db\migration\data\v310\profilefield_location_cleanup
[DEBUG] Migration already effectively installed (skipped): \phpbb\db\migration\data\v310\timezone
[DEBUG] Migration already effectively installed (skipped): \phpbb\db\migration\data\v310\signature_module_auth
[DEBUG] Apply dependencies of \phpbb\db\migration\data\v310\acp_prune_users_module.
[DEBUG] Apply dependencies of \phpbb\db\migration\data\v310\beta1.
[DEBUG] Apply dependencies of \phpbb\db\migration\data\v310\profilefield_change_load_settings.
[DEBUG] Apply dependencies of \phpbb\db\migration\data\v310\profilefield_aol_cleanup.
[DEBUG] Apply dependencies of \phpbb\db\migration\data\v310\profilefield_aol.
[DEBUG] Apply dependencies of \phpbb\db\migration\data\v310\profilefield_yahoo_cleanup.
[DEBUG] Apply dependencies of \phpbb\db\migration\data\v310\profilefield_yahoo.
[DEBUG] Apply dependencies of \phpbb\db\migration\data\v310\profilefield_wlm_cleanup.
[DEBUG] Apply dependencies of \phpbb\db\migration\data\v310\profilefield_wlm.
[DEBUG] Apply dependencies of \phpbb\db\migration\data\v310\profilefield_website_cleanup.
[DEBUG] Apply dependencies of \phpbb\db\migration\data\v310\profilefield_website.
[DEBUG] Apply dependencies of \phpbb\db\migration\data\v310\profilefield_icq_cleanup.
[DEBUG] Apply dependencies of \phpbb\db\migration\data\v310\profilefield_icq.
[DEBUG] Installing Data: \phpbb\db\migration\data\v310\profilefield_icq.
[INFO] Installed Data: \phpbb\db\migration\data\v310\profilefield_icq; Time: 0.01 seconds
[DEBUG] Migration already effectively installed (skipped): \phpbb\db\migration\data\v310\profilefield_location_cleanup
[DEBUG] Migration already effectively installed (skipped): \phpbb\db\migration\data\v310\timezone
[DEBUG] Migration already effectively installed (skipped): \phpbb\db\migration\data\v310\signature_module_auth
[DEBUG] Apply dependencies of \phpbb\db\migration\data\v310\acp_prune_users_module.
[DEBUG] Apply dependencies of \phpbb\db\migration\data\v310\beta1.
[DEBUG] Apply dependencies of \phpbb\db\migration\data\v310\profilefield_change_load_settings.
[DEBUG] Apply dependencies of \phpbb\db\migration\data\v310\profilefield_aol_cleanup.
[DEBUG] Apply dependencies of \phpbb\db\migration\data\v310\profilefield_aol.
[DEBUG] Apply dependencies of \phpbb\db\migration\data\v310\profilefield_yahoo_cleanup.
[DEBUG] Apply dependencies of \phpbb\db\migration\data\v310\profilefield_yahoo.
[DEBUG] Apply dependencies of \phpbb\db\migration\data\v310\profilefield_wlm_cleanup.
[DEBUG] Apply dependencies of \phpbb\db\migration\data\v310\profilefield_wlm.
[DEBUG] Apply dependencies of \phpbb\db\migration\data\v310\profilefield_website_cleanup.
[DEBUG] Apply dependencies of \phpbb\db\migration\data\v310\profilefield_website.
[DEBUG] Apply dependencies of \phpbb\db\migration\data\v310\profilefield_icq_cleanup.
[DEBUG] Installing Schema: \phpbb\db\migration\data\v310\profilefield_icq_cleanup.
[INFO] Installed Schema: \phpbb\db\migration\data\v310\profilefield_icq_cleanup; Time: 0.02 seconds
[DEBUG] Migration already effectively installed (skipped): \phpbb\db\migration\data\v310\profilefield_location_cleanup
[DEBUG] Migration already effectively installed (skipped): \phpbb\db\migration\data\v310\timezone
[DEBUG] Migration already effectively installed (skipped): \phpbb\db\migration\data\v310\signature_module_auth
[DEBUG] Apply dependencies of \phpbb\db\migration\data\v310\acp_prune_users_module.
[DEBUG] Apply dependencies of \phpbb\db\migration\data\v310\beta1.
[DEBUG] Apply dependencies of \phpbb\db\migration\data\v310\profilefield_change_load_settings.
[DEBUG] Apply dependencies of \phpbb\db\migration\data\v310\profilefield_aol_cleanup.
[DEBUG] Apply dependencies of \phpbb\db\migration\data\v310\profilefield_aol.
[DEBUG] Apply dependencies of \phpbb\db\migration\data\v310\profilefield_yahoo_cleanup.
[DEBUG] Apply dependencies of \phpbb\db\migration\data\v310\profilefield_yahoo.
[DEBUG] Apply dependencies of \phpbb\db\migration\data\v310\profilefield_wlm_cleanup.
[DEBUG] Apply dependencies of \phpbb\db\migration\data\v310\profilefield_wlm.
[DEBUG] Apply dependencies of \phpbb\db\migration\data\v310\profilefield_website_cleanup.
[DEBUG] Apply dependencies of \phpbb\db\migration\data\v310\profilefield_website.
[DEBUG] Apply dependencies of \phpbb\db\migration\data\v310\profilefield_icq_cleanup.
[DEBUG] Installing Data: \phpbb\db\migration\data\v310\profilefield_icq_cleanup.
[INFO] Installed Data: \phpbb\db\migration\data\v310\profilefield_icq_cleanup; Time: 0.00 seconds
[DEBUG] Migration already effectively installed (skipped): \phpbb\db\migration\data\v310\profilefield_location_cleanup
[DEBUG] Migration already effectively installed (skipped): \phpbb\db\migration\data\v310\timezone
[DEBUG] Migration already effectively installed (skipped): \phpbb\db\migration\data\v310\signature_module_auth
[DEBUG] Apply dependencies of \phpbb\db\migration\data\v310\acp_prune_users_module.
[DEBUG] Apply dependencies of \phpbb\db\migration\data\v310\beta1.
[DEBUG] Apply dependencies of \phpbb\db\migration\data\v310\profilefield_change_load_settings.
[DEBUG] Apply dependencies of \phpbb\db\migration\data\v310\profilefield_aol_cleanup.
[DEBUG] Apply dependencies of \phpbb\db\migration\data\v310\profilefield_aol.
[DEBUG] Apply dependencies of \phpbb\db\migration\data\v310\profilefield_yahoo_cleanup.
[DEBUG] Apply dependencies of \phpbb\db\migration\data\v310\profilefield_yahoo.
[DEBUG] Apply dependencies of \phpbb\db\migration\data\v310\profilefield_wlm_cleanup.
[DEBUG] Apply dependencies of \phpbb\db\migration\data\v310\profilefield_wlm.
[DEBUG] Apply dependencies of \phpbb\db\migration\data\v310\profilefield_website_cleanup.
[DEBUG] Apply dependencies of \phpbb\db\migration\data\v310\profilefield_website.
[DEBUG] Installing Schema: \phpbb\db\migration\data\v310\profilefield_website.
[INFO] Installed Schema: \phpbb\db\migration\data\v310\profilefield_website; Time: 0.00 seconds
[DEBUG] Migration already effectively installed (skipped): \phpbb\db\migration\data\v310\profilefield_location_cleanup
[DEBUG] Migration already effectively installed (skipped): \phpbb\db\migration\data\v310\timezone
[DEBUG] Migration already effectively installed (skipped): \phpbb\db\migration\data\v310\signature_module_auth
[DEBUG] Apply dependencies of \phpbb\db\migration\data\v310\acp_prune_users_module.
[DEBUG] Apply dependencies of \phpbb\db\migration\data\v310\beta1.
[DEBUG] Apply dependencies of \phpbb\db\migration\data\v310\profilefield_change_load_settings.
[DEBUG] Apply dependencies of \phpbb\db\migration\data\v310\profilefield_aol_cleanup.
[DEBUG] Apply dependencies of \phpbb\db\migration\data\v310\profilefield_aol.
[DEBUG] Apply dependencies of \phpbb\db\migration\data\v310\profilefield_yahoo_cleanup.
[DEBUG] Apply dependencies of \phpbb\db\migration\data\v310\profilefield_yahoo.
[DEBUG] Apply dependencies of \phpbb\db\migration\data\v310\profilefield_wlm_cleanup.
[DEBUG] Apply dependencies of \phpbb\db\migration\data\v310\profilefield_wlm.
[DEBUG] Apply dependencies of \phpbb\db\migration\data\v310\profilefield_website_cleanup.
[DEBUG] Apply dependencies of \phpbb\db\migration\data\v310\profilefield_website.
[DEBUG] Installing Data: \phpbb\db\migration\data\v310\profilefield_website.
[INFO] Installed Data: \phpbb\db\migration\data\v310\profilefield_website; Time: 0.00 seconds
[DEBUG] Migration already effectively installed (skipped): \phpbb\db\migration\data\v310\profilefield_location_cleanup
[DEBUG] Migration already effectively installed (skipped): \phpbb\db\migration\data\v310\timezone
[DEBUG] Migration already effectively installed (skipped): \phpbb\db\migration\data\v310\signature_module_auth
[DEBUG] Apply dependencies of \phpbb\db\migration\data\v310\acp_prune_users_module.
[DEBUG] Apply dependencies of \phpbb\db\migration\data\v310\beta1.
[DEBUG] Apply dependencies of \phpbb\db\migration\data\v310\profilefield_change_load_settings.
[DEBUG] Apply dependencies of \phpbb\db\migration\data\v310\profilefield_aol_cleanup.
[DEBUG] Apply dependencies of \phpbb\db\migration\data\v310\profilefield_aol.
[DEBUG] Apply dependencies of \phpbb\db\migration\data\v310\profilefield_yahoo_cleanup.
[DEBUG] Apply dependencies of \phpbb\db\migration\data\v310\profilefield_yahoo.
[DEBUG] Apply dependencies of \phpbb\db\migration\data\v310\profilefield_wlm_cleanup.
[DEBUG] Apply dependencies of \phpbb\db\migration\data\v310\profilefield_wlm.
[DEBUG] Apply dependencies of \phpbb\db\migration\data\v310\profilefield_website_cleanup.
[DEBUG] Installing Schema: \phpbb\db\migration\data\v310\profilefield_website_cleanup.
[INFO] Installed Schema: \phpbb\db\migration\data\v310\profilefield_website_cleanup; Time: 0.02 seconds
[DEBUG] Migration already effectively installed (skipped): \phpbb\db\migration\data\v310\profilefield_location_cleanup
[DEBUG] Migration already effectively installed (skipped): \phpbb\db\migration\data\v310\timezone
[DEBUG] Migration already effectively installed (skipped): \phpbb\db\migration\data\v310\signature_module_auth
[DEBUG] Apply dependencies of \phpbb\db\migration\data\v310\acp_prune_users_module.
[DEBUG] Apply dependencies of \phpbb\db\migration\data\v310\beta1.
[DEBUG] Apply dependencies of \phpbb\db\migration\data\v310\profilefield_change_load_settings.
[DEBUG] Apply dependencies of \phpbb\db\migration\data\v310\profilefield_aol_cleanup.
[DEBUG] Apply dependencies of \phpbb\db\migration\data\v310\profilefield_aol.
[DEBUG] Apply dependencies of \phpbb\db\migration\data\v310\profilefield_yahoo_cleanup.
[DEBUG] Apply dependencies of \phpbb\db\migration\data\v310\profilefield_yahoo.
[DEBUG] Apply dependencies of \phpbb\db\migration\data\v310\profilefield_wlm_cleanup.
[DEBUG] Apply dependencies of \phpbb\db\migration\data\v310\profilefield_wlm.
[DEBUG] Apply dependencies of \phpbb\db\migration\data\v310\profilefield_website_cleanup.
[DEBUG] Installing Data: \phpbb\db\migration\data\v310\profilefield_website_cleanup.
[INFO] Installed Data: \phpbb\db\migration\data\v310\profilefield_website_cleanup; Time: 0.00 seconds
[DEBUG] Migration already effectively installed (skipped): \phpbb\db\migration\data\v310\profilefield_location_cleanup
[DEBUG] Migration already effectively installed (skipped): \phpbb\db\migration\data\v310\timezone
[DEBUG] Migration already effectively installed (skipped): \phpbb\db\migration\data\v310\signature_module_auth
[DEBUG] Apply dependencies of \phpbb\db\migration\data\v310\acp_prune_users_module.
[DEBUG] Apply dependencies of \phpbb\db\migration\data\v310\beta1.
[DEBUG] Apply dependencies of \phpbb\db\migration\data\v310\profilefield_change_load_settings.
[DEBUG] Apply dependencies of \phpbb\db\migration\data\v310\profilefield_aol_cleanup.
[DEBUG] Apply dependencies of \phpbb\db\migration\data\v310\profilefield_aol.
[DEBUG] Apply dependencies of \phpbb\db\migration\data\v310\profilefield_yahoo_cleanup.
[DEBUG] Apply dependencies of \phpbb\db\migration\data\v310\profilefield_yahoo.
[DEBUG] Apply dependencies of \phpbb\db\migration\data\v310\profilefield_wlm_cleanup.
[DEBUG] Apply dependencies of \phpbb\db\migration\data\v310\profilefield_wlm.
[DEBUG] Installing Schema: \phpbb\db\migration\data\v310\profilefield_wlm.
[INFO] Installed Schema: \phpbb\db\migration\data\v310\profilefield_wlm; Time: 0.00 seconds
[DEBUG] Migration already effectively installed (skipped): \phpbb\db\migration\data\v310\profilefield_location_cleanup
[DEBUG] Migration already effectively installed (skipped): \phpbb\db\migration\data\v310\timezone
[DEBUG] Migration already effectively installed (skipped): \phpbb\db\migration\data\v310\signature_module_auth
[DEBUG] Apply dependencies of \phpbb\db\migration\data\v310\acp_prune_users_module.
[DEBUG] Apply dependencies of \phpbb\db\migration\data\v310\beta1.
[DEBUG] Apply dependencies of \phpbb\db\migration\data\v310\profilefield_change_load_settings.
[DEBUG] Apply dependencies of \phpbb\db\migration\data\v310\profilefield_aol_cleanup.
[DEBUG] Apply dependencies of \phpbb\db\migration\data\v310\profilefield_aol.
[DEBUG] Apply dependencies of \phpbb\db\migration\data\v310\profilefield_yahoo_cleanup.
[DEBUG] Apply dependencies of \phpbb\db\migration\data\v310\profilefield_yahoo.
[DEBUG] Apply dependencies of \phpbb\db\migration\data\v310\profilefield_wlm_cleanup.
[DEBUG] Apply dependencies of \phpbb\db\migration\data\v310\profilefield_wlm.
[DEBUG] Installing Data: \phpbb\db\migration\data\v310\profilefield_wlm.
[INFO] Installed Data: \phpbb\db\migration\data\v310\profilefield_wlm; Time: 0.00 seconds
[DEBUG] Migration already effectively installed (skipped): \phpbb\db\migration\data\v310\profilefield_location_cleanup
[DEBUG] Migration already effectively installed (skipped): \phpbb\db\migration\data\v310\timezone
[DEBUG] Migration already effectively installed (skipped): \phpbb\db\migration\data\v310\signature_module_auth
[DEBUG] Apply dependencies of \phpbb\db\migration\data\v310\acp_prune_users_module.
[DEBUG] Apply dependencies of \phpbb\db\migration\data\v310\beta1.
[DEBUG] Apply dependencies of \phpbb\db\migration\data\v310\profilefield_change_load_settings.
[DEBUG] Apply dependencies of \phpbb\db\migration\data\v310\profilefield_aol_cleanup.
[DEBUG] Apply dependencies of \phpbb\db\migration\data\v310\profilefield_aol.
[DEBUG] Apply dependencies of \phpbb\db\migration\data\v310\profilefield_yahoo_cleanup.
[DEBUG] Apply dependencies of \phpbb\db\migration\data\v310\profilefield_yahoo.
[DEBUG] Apply dependencies of \phpbb\db\migration\data\v310\profilefield_wlm_cleanup.
[DEBUG] Installing Schema: \phpbb\db\migration\data\v310\profilefield_wlm_cleanup.
[INFO] Installed Schema: \phpbb\db\migration\data\v310\profilefield_wlm_cleanup; Time: 0.02 seconds
[DEBUG] Migration already effectively installed (skipped): \phpbb\db\migration\data\v310\profilefield_location_cleanup
[DEBUG] Migration already effectively installed (skipped): \phpbb\db\migration\data\v310\timezone
[DEBUG] Migration already effectively installed (skipped): \phpbb\db\migration\data\v310\signature_module_auth
[DEBUG] Apply dependencies of \phpbb\db\migration\data\v310\acp_prune_users_module.
[DEBUG] Apply dependencies of \phpbb\db\migration\data\v310\beta1.
[DEBUG] Apply dependencies of \phpbb\db\migration\data\v310\profilefield_change_load_settings.
[DEBUG] Apply dependencies of \phpbb\db\migration\data\v310\profilefield_aol_cleanup.
[DEBUG] Apply dependencies of \phpbb\db\migration\data\v310\profilefield_aol.
[DEBUG] Apply dependencies of \phpbb\db\migration\data\v310\profilefield_yahoo_cleanup.
[DEBUG] Apply dependencies of \phpbb\db\migration\data\v310\profilefield_yahoo.
[DEBUG] Apply dependencies of \phpbb\db\migration\data\v310\profilefield_wlm_cleanup.
[DEBUG] Installing Data: \phpbb\db\migration\data\v310\profilefield_wlm_cleanup.
[INFO] Installed Data: \phpbb\db\migration\data\v310\profilefield_wlm_cleanup; Time: 0.00 seconds
[DEBUG] Migration already effectively installed (skipped): \phpbb\db\migration\data\v310\profilefield_location_cleanup
[DEBUG] Migration already effectively installed (skipped): \phpbb\db\migration\data\v310\timezone
[DEBUG] Migration already effectively installed (skipped): \phpbb\db\migration\data\v310\signature_module_auth
[DEBUG] Apply dependencies of \phpbb\db\migration\data\v310\acp_prune_users_module.
[DEBUG] Apply dependencies of \phpbb\db\migration\data\v310\beta1.
[DEBUG] Apply dependencies of \phpbb\db\migration\data\v310\profilefield_change_load_settings.
[DEBUG] Apply dependencies of \phpbb\db\migration\data\v310\profilefield_aol_cleanup.
[DEBUG] Apply dependencies of \phpbb\db\migration\data\v310\profilefield_aol.
[DEBUG] Apply dependencies of \phpbb\db\migration\data\v310\profilefield_yahoo_cleanup.
[DEBUG] Apply dependencies of \phpbb\db\migration\data\v310\profilefield_yahoo.
[DEBUG] Installing Schema: \phpbb\db\migration\data\v310\profilefield_yahoo.
[INFO] Installed Schema: \phpbb\db\migration\data\v310\profilefield_yahoo; Time: 0.00 seconds
[DEBUG] Migration already effectively installed (skipped): \phpbb\db\migration\data\v310\profilefield_location_cleanup
[DEBUG] Migration already effectively installed (skipped): \phpbb\db\migration\data\v310\timezone
[DEBUG] Migration already effectively installed (skipped): \phpbb\db\migration\data\v310\signature_module_auth
[DEBUG] Apply dependencies of \phpbb\db\migration\data\v310\acp_prune_users_module.
[DEBUG] Apply dependencies of \phpbb\db\migration\data\v310\beta1.
[DEBUG] Apply dependencies of \phpbb\db\migration\data\v310\profilefield_change_load_settings.
[DEBUG] Apply dependencies of \phpbb\db\migration\data\v310\profilefield_aol_cleanup.
[DEBUG] Apply dependencies of \phpbb\db\migration\data\v310\profilefield_aol.
[DEBUG] Apply dependencies of \phpbb\db\migration\data\v310\profilefield_yahoo_cleanup.
[DEBUG] Apply dependencies of \phpbb\db\migration\data\v310\profilefield_yahoo.
[DEBUG] Installing Data: \phpbb\db\migration\data\v310\profilefield_yahoo.
[INFO] Installed Data: \phpbb\db\migration\data\v310\profilefield_yahoo; Time: 0.00 seconds
[DEBUG] Migration already effectively installed (skipped): \phpbb\db\migration\data\v310\profilefield_location_cleanup
[DEBUG] Migration already effectively installed (skipped): \phpbb\db\migration\data\v310\timezone
[DEBUG] Migration already effectively installed (skipped): \phpbb\db\migration\data\v310\signature_module_auth
[DEBUG] Apply dependencies of \phpbb\db\migration\data\v310\acp_prune_users_module.
[DEBUG] Apply dependencies of \phpbb\db\migration\data\v310\beta1.
[DEBUG] Apply dependencies of \phpbb\db\migration\data\v310\profilefield_change_load_settings.
[DEBUG] Apply dependencies of \phpbb\db\migration\data\v310\profilefield_aol_cleanup.
[DEBUG] Apply dependencies of \phpbb\db\migration\data\v310\profilefield_aol.
[DEBUG] Apply dependencies of \phpbb\db\migration\data\v310\profilefield_yahoo_cleanup.
[DEBUG] Installing Schema: \phpbb\db\migration\data\v310\profilefield_yahoo_cleanup.
[INFO] Installed Schema: \phpbb\db\migration\data\v310\profilefield_yahoo_cleanup; Time: 0.02 seconds
[DEBUG] Migration already effectively installed (skipped): \phpbb\db\migration\data\v310\profilefield_location_cleanup
[DEBUG] Migration already effectively installed (skipped): \phpbb\db\migration\data\v310\timezone
[DEBUG] Migration already effectively installed (skipped): \phpbb\db\migration\data\v310\signature_module_auth
[DEBUG] Apply dependencies of \phpbb\db\migration\data\v310\acp_prune_users_module.
[DEBUG] Apply dependencies of \phpbb\db\migration\data\v310\beta1.
[DEBUG] Apply dependencies of \phpbb\db\migration\data\v310\profilefield_change_load_settings.
[DEBUG] Apply dependencies of \phpbb\db\migration\data\v310\profilefield_aol_cleanup.
[DEBUG] Apply dependencies of \phpbb\db\migration\data\v310\profilefield_aol.
[DEBUG] Apply dependencies of \phpbb\db\migration\data\v310\profilefield_yahoo_cleanup.
[DEBUG] Installing Data: \phpbb\db\migration\data\v310\profilefield_yahoo_cleanup.
[INFO] Installed Data: \phpbb\db\migration\data\v310\profilefield_yahoo_cleanup; Time: 0.00 seconds
[DEBUG] Migration already effectively installed (skipped): \phpbb\db\migration\data\v310\profilefield_location_cleanup
[DEBUG] Migration already effectively installed (skipped): \phpbb\db\migration\data\v310\timezone
[DEBUG] Migration already effectively installed (skipped): \phpbb\db\migration\data\v310\signature_module_auth
[DEBUG] Apply dependencies of \phpbb\db\migration\data\v310\acp_prune_users_module.
[DEBUG] Apply dependencies of \phpbb\db\migration\data\v310\beta1.
[DEBUG] Apply dependencies of \phpbb\db\migration\data\v310\profilefield_change_load_settings.
[DEBUG] Apply dependencies of \phpbb\db\migration\data\v310\profilefield_aol_cleanup.
[DEBUG] Apply dependencies of \phpbb\db\migration\data\v310\profilefield_aol.
[DEBUG] Installing Schema: \phpbb\db\migration\data\v310\profilefield_aol.
[INFO] Installed Schema: \phpbb\db\migration\data\v310\profilefield_aol; Time: 0.01 seconds
[DEBUG] Migration already effectively installed (skipped): \phpbb\db\migration\data\v310\profilefield_location_cleanup
[DEBUG] Migration already effectively installed (skipped): \phpbb\db\migration\data\v310\timezone
[DEBUG] Migration already effectively installed (skipped): \phpbb\db\migration\data\v310\signature_module_auth
[DEBUG] Apply dependencies of \phpbb\db\migration\data\v310\acp_prune_users_module.
[DEBUG] Apply dependencies of \phpbb\db\migration\data\v310\beta1.
[DEBUG] Apply dependencies of \phpbb\db\migration\data\v310\profilefield_change_load_settings.
[DEBUG] Apply dependencies of \phpbb\db\migration\data\v310\profilefield_aol_cleanup.
[DEBUG] Apply dependencies of \phpbb\db\migration\data\v310\profilefield_aol.
[DEBUG] Installing Data: \phpbb\db\migration\data\v310\profilefield_aol.
[INFO] Installed Data: \phpbb\db\migration\data\v310\profilefield_aol; Time: 0.00 seconds
[DEBUG] Migration already effectively installed (skipped): \phpbb\db\migration\data\v310\profilefield_location_cleanup
[DEBUG] Migration already effectively installed (skipped): \phpbb\db\migration\data\v310\timezone
[DEBUG] Migration already effectively installed (skipped): \phpbb\db\migration\data\v310\signature_module_auth
[DEBUG] Apply dependencies of \phpbb\db\migration\data\v310\acp_prune_users_module.
[DEBUG] Apply dependencies of \phpbb\db\migration\data\v310\beta1.
[DEBUG] Apply dependencies of \phpbb\db\migration\data\v310\profilefield_change_load_settings.
[DEBUG] Apply dependencies of \phpbb\db\migration\data\v310\profilefield_aol_cleanup.
[DEBUG] Installing Schema: \phpbb\db\migration\data\v310\profilefield_aol_cleanup.
[INFO] Installed Schema: \phpbb\db\migration\data\v310\profilefield_aol_cleanup; Time: 0.02 seconds
[DEBUG] Migration already effectively installed (skipped): \phpbb\db\migration\data\v310\profilefield_location_cleanup
[DEBUG] Migration already effectively installed (skipped): \phpbb\db\migration\data\v310\timezone
[DEBUG] Migration already effectively installed (skipped): \phpbb\db\migration\data\v310\signature_module_auth
[DEBUG] Apply dependencies of \phpbb\db\migration\data\v310\acp_prune_users_module.
[DEBUG] Apply dependencies of \phpbb\db\migration\data\v310\beta1.
[DEBUG] Apply dependencies of \phpbb\db\migration\data\v310\profilefield_change_load_settings.
[DEBUG] Apply dependencies of \phpbb\db\migration\data\v310\profilefield_aol_cleanup.
[DEBUG] Installing Data: \phpbb\db\migration\data\v310\profilefield_aol_cleanup.
[INFO] Installed Data: \phpbb\db\migration\data\v310\profilefield_aol_cleanup; Time: 0.00 seconds
[DEBUG] Migration already effectively installed (skipped): \phpbb\db\migration\data\v310\profilefield_location_cleanup
[DEBUG] Migration already effectively installed (skipped): \phpbb\db\migration\data\v310\timezone
[DEBUG] Migration already effectively installed (skipped): \phpbb\db\migration\data\v310\signature_module_auth
[DEBUG] Apply dependencies of \phpbb\db\migration\data\v310\acp_prune_users_module.
[DEBUG] Apply dependencies of \phpbb\db\migration\data\v310\beta1.
[DEBUG] Apply dependencies of \phpbb\db\migration\data\v310\profilefield_change_load_settings.
[DEBUG] Installing Schema: \phpbb\db\migration\data\v310\profilefield_change_load_settings.
[INFO] Installed Schema: \phpbb\db\migration\data\v310\profilefield_change_load_settings; Time: 0.00 seconds
[DEBUG] Migration already effectively installed (skipped): \phpbb\db\migration\data\v310\profilefield_location_cleanup
[DEBUG] Migration already effectively installed (skipped): \phpbb\db\migration\data\v310\timezone
[DEBUG] Migration already effectively installed (skipped): \phpbb\db\migration\data\v310\signature_module_auth
[DEBUG] Apply dependencies of \phpbb\db\migration\data\v310\acp_prune_users_module.
[DEBUG] Apply dependencies of \phpbb\db\migration\data\v310\beta1.
[DEBUG] Apply dependencies of \phpbb\db\migration\data\v310\profilefield_change_load_settings.
[DEBUG] Installing Data: \phpbb\db\migration\data\v310\profilefield_change_load_settings.
[INFO] Installed Data: \phpbb\db\migration\data\v310\profilefield_change_load_settings; Time: 0.00 seconds
[DEBUG] Migration already effectively installed (skipped): \phpbb\db\migration\data\v310\profilefield_location_cleanup
[DEBUG] Migration already effectively installed (skipped): \phpbb\db\migration\data\v310\timezone
[DEBUG] Migration already effectively installed (skipped): \phpbb\db\migration\data\v310\signature_module_auth
[DEBUG] Apply dependencies of \phpbb\db\migration\data\v310\acp_prune_users_module.
[DEBUG] Apply dependencies of \phpbb\db\migration\data\v310\beta1.
[DEBUG] Apply dependencies of \phpbb\db\migration\data\v310\soft_delete_mod_convert2.
[DEBUG] Apply dependencies of \phpbb\db\migration\data\v310\soft_delete_mod_convert.
[DEBUG] Migration already effectively installed (skipped): \phpbb\db\migration\data\v310\soft_delete_mod_convert
[DEBUG] Migration already effectively installed (skipped): \phpbb\db\migration\data\v310\profilefield_location_cleanup
[DEBUG] Migration already effectively installed (skipped): \phpbb\db\migration\data\v310\timezone
[DEBUG] Migration already effectively installed (skipped): \phpbb\db\migration\data\v310\signature_module_auth
[DEBUG] Apply dependencies of \phpbb\db\migration\data\v310\acp_prune_users_module.
[DEBUG] Apply dependencies of \phpbb\db\migration\data\v310\beta1.
[DEBUG] Apply dependencies of \phpbb\db\migration\data\v310\soft_delete_mod_convert2.
[DEBUG] Migration already effectively installed (skipped): \phpbb\db\migration\data\v310\soft_delete_mod_convert2
[DEBUG] Migration already effectively installed (skipped): \phpbb\db\migration\data\v310\profilefield_location_cleanup
[DEBUG] Migration already effectively installed (skipped): \phpbb\db\migration\data\v310\timezone
[DEBUG] Migration already effectively installed (skipped): \phpbb\db\migration\data\v310\signature_module_auth
[DEBUG] Apply dependencies of \phpbb\db\migration\data\v310\acp_prune_users_module.
[DEBUG] Apply dependencies of \phpbb\db\migration\data\v310\beta1.
[DEBUG] Apply dependencies of \phpbb\db\migration\data\v310\ucp_popuppm_module.
[DEBUG] Installing Schema: \phpbb\db\migration\data\v310\ucp_popuppm_module.
[INFO] Installed Schema: \phpbb\db\migration\data\v310\ucp_popuppm_module; Time: 0.00 seconds
[DEBUG] Migration already effectively installed (skipped): \phpbb\db\migration\data\v310\profilefield_location_cleanup
[DEBUG] Migration already effectively installed (skipped): \phpbb\db\migration\data\v310\timezone
[DEBUG] Migration already effectively installed (skipped): \phpbb\db\migration\data\v310\signature_module_auth
[DEBUG] Apply dependencies of \phpbb\db\migration\data\v310\acp_prune_users_module.
[DEBUG] Apply dependencies of \phpbb\db\migration\data\v310\beta1.
[DEBUG] Apply dependencies of \phpbb\db\migration\data\v310\ucp_popuppm_module.
[DEBUG] Installing Data: \phpbb\db\migration\data\v310\ucp_popuppm_module.
[INFO] Installed Data: \phpbb\db\migration\data\v310\ucp_popuppm_module; Time: 0.00 seconds
[DEBUG] Migration already effectively installed (skipped): \phpbb\db\migration\data\v310\profilefield_location_cleanup
[DEBUG] Migration already effectively installed (skipped): \phpbb\db\migration\data\v310\timezone
[DEBUG] Migration already effectively installed (skipped): \phpbb\db\migration\data\v310\signature_module_auth
[DEBUG] Apply dependencies of \phpbb\db\migration\data\v310\acp_prune_users_module.
[DEBUG] Apply dependencies of \phpbb\db\migration\data\v310\beta1.
[DEBUG] Installing Schema: \phpbb\db\migration\data\v310\beta1.
[INFO] Installed Schema: \phpbb\db\migration\data\v310\beta1; Time: 0.00 seconds
[DEBUG] Migration already effectively installed (skipped): \phpbb\db\migration\data\v310\profilefield_location_cleanup
[DEBUG] Migration already effectively installed (skipped): \phpbb\db\migration\data\v310\timezone
[DEBUG] Migration already effectively installed (skipped): \phpbb\db\migration\data\v310\signature_module_auth
[DEBUG] Apply dependencies of \phpbb\db\migration\data\v310\acp_prune_users_module.
[DEBUG] Apply dependencies of \phpbb\db\migration\data\v310\beta1.
[DEBUG] Installing Data: \phpbb\db\migration\data\v310\beta1.
[INFO] Installed Data: \phpbb\db\migration\data\v310\beta1; Time: 0.00 seconds
[DEBUG] Migration already effectively installed (skipped): \phpbb\db\migration\data\v310\profilefield_location_cleanup
[DEBUG] Migration already effectively installed (skipped): \phpbb\db\migration\data\v310\timezone
[DEBUG] Migration already effectively installed (skipped): \phpbb\db\migration\data\v310\signature_module_auth
[DEBUG] Apply dependencies of \phpbb\db\migration\data\v310\acp_prune_users_module.
[DEBUG] Installing Schema: \phpbb\db\migration\data\v310\acp_prune_users_module.
[INFO] Installed Schema: \phpbb\db\migration\data\v310\acp_prune_users_module; Time: 0.00 seconds
[DEBUG] Migration already effectively installed (skipped): \phpbb\db\migration\data\v310\profilefield_location_cleanup
[DEBUG] Migration already effectively installed (skipped): \phpbb\db\migration\data\v310\timezone
[DEBUG] Migration already effectively installed (skipped): \phpbb\db\migration\data\v310\signature_module_auth
[DEBUG] Apply dependencies of \phpbb\db\migration\data\v310\acp_prune_users_module.
[DEBUG] Installing Data: \phpbb\db\migration\data\v310\acp_prune_users_module.
[INFO] Installed Data: \phpbb\db\migration\data\v310\acp_prune_users_module; Time: 0.01 seconds
[DEBUG] Migration already effectively installed (skipped): \phpbb\db\migration\data\v310\profilefield_location_cleanup
[DEBUG] Migration already effectively installed (skipped): \phpbb\db\migration\data\v310\timezone
[DEBUG] Migration already effectively installed (skipped): \phpbb\db\migration\data\v310\signature_module_auth
[DEBUG] Migration already effectively installed (skipped): \phpbb\db\migration\data\v310\acp_prune_users_module
[DEBUG] Apply dependencies of \phpbb\db\migration\data\v310\profilefield_googleplus.
[DEBUG] Installing Schema: \phpbb\db\migration\data\v310\profilefield_googleplus.
[INFO] Installed Schema: \phpbb\db\migration\data\v310\profilefield_googleplus; Time: 0.00 seconds
[DEBUG] Migration already effectively installed (skipped): \phpbb\db\migration\data\v310\profilefield_location_cleanup
[DEBUG] Migration already effectively installed (skipped): \phpbb\db\migration\data\v310\timezone
[DEBUG] Migration already effectively installed (skipped): \phpbb\db\migration\data\v310\signature_module_auth
[DEBUG] Migration already effectively installed (skipped): \phpbb\db\migration\data\v310\acp_prune_users_module
[DEBUG] Apply dependencies of \phpbb\db\migration\data\v310\profilefield_googleplus.
[DEBUG] Installing Data: \phpbb\db\migration\data\v310\profilefield_googleplus.
[INFO] Installed Data: \phpbb\db\migration\data\v310\profilefield_googleplus; Time: 0.00 seconds
[DEBUG] Migration already effectively installed (skipped): \phpbb\db\migration\data\v310\profilefield_location_cleanup
[DEBUG] Migration already effectively installed (skipped): \phpbb\db\migration\data\v310\timezone
[DEBUG] Migration already effectively installed (skipped): \phpbb\db\migration\data\v310\signature_module_auth
[DEBUG] Migration already effectively installed (skipped): \phpbb\db\migration\data\v310\acp_prune_users_module
[DEBUG] Migration already effectively installed (skipped): \phpbb\db\migration\data\v310\profilefield_googleplus
[DEBUG] Apply dependencies of \phpbb\db\migration\data\v310\rename_too_long_indexes.
[DEBUG] Installing Schema: \phpbb\db\migration\data\v310\rename_too_long_indexes.
[INFO] Installed Schema: \phpbb\db\migration\data\v310\rename_too_long_indexes; Time: 4.45 seconds
